2009/01/02 00:20 -0400 [-] Log opened.
2009/01/02 00:20 -0400 [-] twistd 2.5.0 (/System/Library/Frameworks/Python.framework/Versions/2.5/Resources/Python.app/Contents/MacOS/Python 2.5.1) starting up
2009/01/02 00:20 -0400 [-] reactor class: <class 'twisted.internet.selectreactor.SelectReactor'>
2009/01/02 00:20 -0400 [-] Loading buildbot.tac...
2009/01/02 00:20 -0400 [-] Creating BuildSlave -- buildbot.version: 0.7.9
2009/01/02 00:20 -0400 [-] Loaded.
2009/01/02 00:20 -0400 [-] Starting factory <buildbot.slave.bot.BotFactory instance at 0x10629b8>
2009/01/02 00:20 -0400 [Uninitialized] <twisted.internet.tcp.Connector instance at 0x7bb968> will retry in 2 seconds
2009/01/02 00:20 -0400 [Uninitialized] Stopping factory <buildbot.slave.bot.BotFactory instance at 0x10629b8>
2009/01/02 00:20 -0400 [-] Starting factory <buildbot.slave.bot.BotFactory instance at 0x10629b8>
2009/01/02 00:20 -0400 [Uninitialized] <twisted.internet.tcp.Connector instance at 0x7bb968> will retry in 7 seconds
2009/01/02 00:20 -0400 [Uninitialized] Stopping factory <buildbot.slave.bot.BotFactory instance at 0x10629b8>
2009/01/02 00:20 -0400 [-] Starting factory <buildbot.slave.bot.BotFactory instance at 0x10629b8>
2009/01/02 00:20 -0400 [Uninitialized] <twisted.internet.tcp.Connector instance at 0x7bb968> will retry in 19 seconds
2009/01/02 00:20 -0400 [Uninitialized] Stopping factory <buildbot.slave.bot.BotFactory instance at 0x10629b8>
2009/01/02 00:21 -0400 [-] Starting factory <buildbot.slave.bot.BotFactory instance at 0x10629b8>
2009/01/02 00:21 -0400 [Uninitialized] <twisted.internet.tcp.Connector instance at 0x7bb968> will retry in 40 seconds
2009/01/02 00:21 -0400 [Uninitialized] Stopping factory <buildbot.slave.bot.BotFactory instance at 0x10629b8>
2009/01/02 00:21 -0400 [-] Starting factory <buildbot.slave.bot.BotFactory instance at 0x10629b8>
2009/01/02 00:21 -0400 [Uninitialized] <twisted.internet.tcp.Connector instance at 0x7bb968> will retry in 115 seconds
2009/01/02 00:21 -0400 [Uninitialized] Stopping factory <buildbot.slave.bot.BotFactory instance at 0x10629b8>
2009/01/02 00:23 -0400 [-] Received SIGTERM, shutting down.
2009/01/02 00:23 -0400 [-] Main loop terminated.
2009/01/02 00:23 -0400 [-] Server Shut Down.
